ERROR - 2023-10-27 08:19:47 --> Error connecting to the database: mysqli_sql_exception: Nenhuma conexão pôde ser feita porque a máquina de destino as recusou ativamente.
 in C:\xampp\htdocs\ordem\system\Database\MySQLi\Connection.php:185
Stack trace:
#0 C:\xampp\htdocs\ordem\system\Database\MySQLi\Connection.php(185): mysqli->real_connect('localhost', 'root', '', 'ordem', 3306, '', 0)
#1 C:\xampp\htdocs\ordem\system\Database\BaseConnection.php(391): CodeIgniter\Database\MySQLi\Connection->connect(false)
#2 C:\xampp\htdocs\ordem\system\Database\BaseConnection.php(574): CodeIgniter\Database\BaseConnection->initialize()
#3 C:\xampp\htdocs\ordem\system\Database\BaseBuilder.php(1615): CodeIgniter\Database\BaseConnection->query('SELECT `id`, `n...', Array, false)
#4 C:\xampp\htdocs\ordem\system\Model.php(237): CodeIgniter\Database\BaseBuilder->get()
#5 C:\xampp\htdocs\ordem\system\BaseModel.php(624): CodeIgniter\Model->doFindAll(0, 0)
#6 C:\xampp\htdocs\ordem\app\Controllers\Usuarios.php(40): CodeIgniter\BaseModel->findAll()
#7 C:\xampp\htdocs\ordem\system\CodeIgniter.php(919): App\Controllers\Usuarios->recuperaUsuarios()
#8 C:\xampp\htdocs\ordem\system\CodeIgniter.php(494): CodeIgniter\CodeIgniter->runController(Object(App\Controllers\Usuarios))
#9 C:\xampp\htdocs\ordem\system\CodeIgniter.php(353): CodeIgniter\CodeIgniter->handleRequest(NULL, Object(Config\Cache), false)
#10 C:\xampp\htdocs\ordem\public\index.php(79): CodeIgniter\CodeIgniter->run()
#11 C:\xampp\htdocs\ordem\system\Commands\Server\rewrite.php(47): require_once('C:\\xampp\\htdocs...')
#12 {main}

Next CodeIgniter\Database\Exceptions\DatabaseException: Nenhuma conexão pôde ser feita porque a máquina de destino as recusou ativamente.
 in C:\xampp\htdocs\ordem\system\Database\MySQLi\Connection.php:229
Stack trace:
#0 C:\xampp\htdocs\ordem\system\Database\BaseConnection.php(391): CodeIgniter\Database\MySQLi\Connection->connect(false)
#1 C:\xampp\htdocs\ordem\system\Database\BaseConnection.php(574): CodeIgniter\Database\BaseConnection->initialize()
#2 C:\xampp\htdocs\ordem\system\Database\BaseBuilder.php(1615): CodeIgniter\Database\BaseConnection->query('SELECT `id`, `n...', Array, false)
#3 C:\xampp\htdocs\ordem\system\Model.php(237): CodeIgniter\Database\BaseBuilder->get()
#4 C:\xampp\htdocs\ordem\system\BaseModel.php(624): CodeIgniter\Model->doFindAll(0, 0)
#5 C:\xampp\htdocs\ordem\app\Controllers\Usuarios.php(40): CodeIgniter\BaseModel->findAll()
#6 C:\xampp\htdocs\ordem\system\CodeIgniter.php(919): App\Controllers\Usuarios->recuperaUsuarios()
#7 C:\xampp\htdocs\ordem\system\CodeIgniter.php(494): CodeIgniter\CodeIgniter->runController(Object(App\Controllers\Usuarios))
#8 C:\xampp\htdocs\ordem\system\CodeIgniter.php(353): CodeIgniter\CodeIgniter->handleRequest(NULL, Object(Config\Cache), false)
#9 C:\xampp\htdocs\ordem\public\index.php(79): CodeIgniter\CodeIgniter->run()
#10 C:\xampp\htdocs\ordem\system\Commands\Server\rewrite.php(47): require_once('C:\\xampp\\htdocs...')
#11 {main}
CRITICAL - 2023-10-27 08:19:47 --> Unable to connect to the database.
Main connection [MySQLi]: Nenhuma conexão pôde ser feita porque a máquina de destino as recusou ativamente.

in SYSTEMPATH\Database\BaseConnection.php on line 427.
 1 SYSTEMPATH\Database\BaseConnection.php(574): CodeIgniter\Database\BaseConnection->initialize()
 2 SYSTEMPATH\Database\BaseBuilder.php(1615): CodeIgniter\Database\BaseConnection->query('SELECT `id`, `nome`, `email`, `ativo`, `imagem`
FROM `usuarios`
WHERE `usuarios`.`deletado_em` IS NULL', [], false)
 3 SYSTEMPATH\Model.php(237): CodeIgniter\Database\BaseBuilder->get()
 4 SYSTEMPATH\BaseModel.php(624): CodeIgniter\Model->doFindAll(0, 0)
 5 APPPATH\Controllers\Usuarios.php(40): CodeIgniter\BaseModel->findAll()
 6 SYSTEMPATH\CodeIgniter.php(919): App\Controllers\Usuarios->recuperaUsuarios()
 7 SYSTEMPATH\CodeIgniter.php(494): CodeIgniter\CodeIgniter->runController(Object(App\Controllers\Usuarios))
 8 SYSTEMPATH\CodeIgniter.php(353): CodeIgniter\CodeIgniter->handleRequest(null, Object(Config\Cache), false)
 9 FCPATH\index.php(79): CodeIgniter\CodeIgniter->run()
10 SYSTEMPATH\Commands\Server\rewrite.php(47): require_once('C:\\xampp\\htdocs\\ordem\\public\\index.php')
CRITICAL - 2023-10-27 08:20:35 --> Argument 1 passed to App\Controllers\Usuarios::exibir() must be of the type int or null, string given, called in C:\xampp\htdocs\ordem\system\CodeIgniter.php on line 919
in APPPATH\Controllers\Usuarios.php on line 66.
 1 SYSTEMPATH\CodeIgniter.php(919): App\Controllers\Usuarios->exibir('img', 'avatar-3.jpg')
 2 SYSTEMPATH\CodeIgniter.php(494): CodeIgniter\CodeIgniter->runController(Object(App\Controllers\Usuarios))
 3 SYSTEMPATH\CodeIgniter.php(353): CodeIgniter\CodeIgniter->handleRequest(null, Object(Config\Cache), false)
 4 FCPATH\index.php(79): CodeIgniter\CodeIgniter->run()
 5 SYSTEMPATH\Commands\Server\rewrite.php(47): require_once('C:\\xampp\\htdocs\\ordem\\public\\index.php')
CRITICAL - 2023-10-27 08:20:35 --> Argument 1 passed to App\Controllers\Usuarios::exibir() must be of the type int or null, string given, called in C:\xampp\htdocs\ordem\system\CodeIgniter.php on line 919
in APPPATH\Controllers\Usuarios.php on line 66.
 1 SYSTEMPATH\CodeIgniter.php(919): App\Controllers\Usuarios->exibir('img', 'avatar-2.jpg')
 2 SYSTEMPATH\CodeIgniter.php(494): CodeIgniter\CodeIgniter->runController(Object(App\Controllers\Usuarios))
 3 SYSTEMPATH\CodeIgniter.php(353): CodeIgniter\CodeIgniter->handleRequest(null, Object(Config\Cache), false)
 4 FCPATH\index.php(79): CodeIgniter\CodeIgniter->run()
 5 SYSTEMPATH\Commands\Server\rewrite.php(47): require_once('C:\\xampp\\htdocs\\ordem\\public\\index.php')
CRITICAL - 2023-10-27 08:20:36 --> Argument 1 passed to App\Controllers\Usuarios::exibir() must be of the type int or null, string given, called in C:\xampp\htdocs\ordem\system\CodeIgniter.php on line 919
in APPPATH\Controllers\Usuarios.php on line 66.
 1 SYSTEMPATH\CodeIgniter.php(919): App\Controllers\Usuarios->exibir('img', 'avatar-1.jpg')
 2 SYSTEMPATH\CodeIgniter.php(494): CodeIgniter\CodeIgniter->runController(Object(App\Controllers\Usuarios))
 3 SYSTEMPATH\CodeIgniter.php(353): CodeIgniter\CodeIgniter->handleRequest(null, Object(Config\Cache), false)
 4 FCPATH\index.php(79): CodeIgniter\CodeIgniter->run()
 5 SYSTEMPATH\Commands\Server\rewrite.php(47): require_once('C:\\xampp\\htdocs\\ordem\\public\\index.php')
CRITICAL - 2023-10-27 08:20:36 --> Argument 1 passed to App\Controllers\Usuarios::exibir() must be of the type int or null, string given, called in C:\xampp\htdocs\ordem\system\CodeIgniter.php on line 919
in APPPATH\Controllers\Usuarios.php on line 66.
 1 SYSTEMPATH\CodeIgniter.php(919): App\Controllers\Usuarios->exibir('img', 'avatar-5.jpg')
 2 SYSTEMPATH\CodeIgniter.php(494): CodeIgniter\CodeIgniter->runController(Object(App\Controllers\Usuarios))
 3 SYSTEMPATH\CodeIgniter.php(353): CodeIgniter\CodeIgniter->handleRequest(null, Object(Config\Cache), false)
 4 FCPATH\index.php(79): CodeIgniter\CodeIgniter->run()
 5 SYSTEMPATH\Commands\Server\rewrite.php(47): require_once('C:\\xampp\\htdocs\\ordem\\public\\index.php')
CRITICAL - 2023-10-27 08:20:36 --> Argument 1 passed to App\Controllers\Usuarios::exibir() must be of the type int or null, string given, called in C:\xampp\htdocs\ordem\system\CodeIgniter.php on line 919
in APPPATH\Controllers\Usuarios.php on line 66.
 1 SYSTEMPATH\CodeIgniter.php(919): App\Controllers\Usuarios->exibir('img', 'flags', '16', 'GB.png')
 2 SYSTEMPATH\CodeIgniter.php(494): CodeIgniter\CodeIgniter->runController(Object(App\Controllers\Usuarios))
 3 SYSTEMPATH\CodeIgniter.php(353): CodeIgniter\CodeIgniter->handleRequest(null, Object(Config\Cache), false)
 4 FCPATH\index.php(79): CodeIgniter\CodeIgniter->run()
 5 SYSTEMPATH\Commands\Server\rewrite.php(47): require_once('C:\\xampp\\htdocs\\ordem\\public\\index.php')
CRITICAL - 2023-10-27 08:20:36 --> Argument 1 passed to App\Controllers\Usuarios::exibir() must be of the type int or null, string given, called in C:\xampp\htdocs\ordem\system\CodeIgniter.php on line 919
in APPPATH\Controllers\Usuarios.php on line 66.
 1 SYSTEMPATH\CodeIgniter.php(919): App\Controllers\Usuarios->exibir('img', 'avatar-6.jpg')
 2 SYSTEMPATH\CodeIgniter.php(494): CodeIgniter\CodeIgniter->runController(Object(App\Controllers\Usuarios))
 3 SYSTEMPATH\CodeIgniter.php(353): CodeIgniter\CodeIgniter->handleRequest(null, Object(Config\Cache), false)
 4 FCPATH\index.php(79): CodeIgniter\CodeIgniter->run()
 5 SYSTEMPATH\Commands\Server\rewrite.php(47): require_once('C:\\xampp\\htdocs\\ordem\\public\\index.php')
CRITICAL - 2023-10-27 08:20:36 --> Argument 1 passed to App\Controllers\Usuarios::exibir() must be of the type int or null, string given, called in C:\xampp\htdocs\ordem\system\CodeIgniter.php on line 919
in APPPATH\Controllers\Usuarios.php on line 66.
 1 SYSTEMPATH\CodeIgniter.php(919): App\Controllers\Usuarios->exibir('img', 'flags', '16', 'DE.png')
 2 SYSTEMPATH\CodeIgniter.php(494): CodeIgniter\CodeIgniter->runController(Object(App\Controllers\Usuarios))
 3 SYSTEMPATH\CodeIgniter.php(353): CodeIgniter\CodeIgniter->handleRequest(null, Object(Config\Cache), false)
 4 FCPATH\index.php(79): CodeIgniter\CodeIgniter->run()
 5 SYSTEMPATH\Commands\Server\rewrite.php(47): require_once('C:\\xampp\\htdocs\\ordem\\public\\index.php')
CRITICAL - 2023-10-27 08:20:37 --> Argument 1 passed to App\Controllers\Usuarios::exibir() must be of the type int or null, string given, called in C:\xampp\htdocs\ordem\system\CodeIgniter.php on line 919
in APPPATH\Controllers\Usuarios.php on line 66.
 1 SYSTEMPATH\CodeIgniter.php(919): App\Controllers\Usuarios->exibir('img', 'flags', '16', 'FR.png')
 2 SYSTEMPATH\CodeIgniter.php(494): CodeIgniter\CodeIgniter->runController(Object(App\Controllers\Usuarios))
 3 SYSTEMPATH\CodeIgniter.php(353): CodeIgniter\CodeIgniter->handleRequest(null, Object(Config\Cache), false)
 4 FCPATH\index.php(79): CodeIgniter\CodeIgniter->run()
 5 SYSTEMPATH\Commands\Server\rewrite.php(47): require_once('C:\\xampp\\htdocs\\ordem\\public\\index.php')
CRITICAL - 2023-10-27 14:14:06 --> Argument 1 passed to App\Controllers\Usuarios::exibir() must be of the type int or null, string given, called in C:\xampp\htdocs\ordem\system\CodeIgniter.php on line 919
in APPPATH\Controllers\Usuarios.php on line 66.
 1 SYSTEMPATH\CodeIgniter.php(919): App\Controllers\Usuarios->exibir('img', 'avatar-3.jpg')
 2 SYSTEMPATH\CodeIgniter.php(494): CodeIgniter\CodeIgniter->runController(Object(App\Controllers\Usuarios))
 3 SYSTEMPATH\CodeIgniter.php(353): CodeIgniter\CodeIgniter->handleRequest(null, Object(Config\Cache), false)
 4 FCPATH\index.php(79): CodeIgniter\CodeIgniter->run()
 5 SYSTEMPATH\Commands\Server\rewrite.php(47): require_once('C:\\xampp\\htdocs\\ordem\\public\\index.php')
CRITICAL - 2023-10-27 14:14:07 --> Argument 1 passed to App\Controllers\Usuarios::exibir() must be of the type int or null, string given, called in C:\xampp\htdocs\ordem\system\CodeIgniter.php on line 919
in APPPATH\Controllers\Usuarios.php on line 66.
 1 SYSTEMPATH\CodeIgniter.php(919): App\Controllers\Usuarios->exibir('img', 'avatar-2.jpg')
 2 SYSTEMPATH\CodeIgniter.php(494): CodeIgniter\CodeIgniter->runController(Object(App\Controllers\Usuarios))
 3 SYSTEMPATH\CodeIgniter.php(353): CodeIgniter\CodeIgniter->handleRequest(null, Object(Config\Cache), false)
 4 FCPATH\index.php(79): CodeIgniter\CodeIgniter->run()
 5 SYSTEMPATH\Commands\Server\rewrite.php(47): require_once('C:\\xampp\\htdocs\\ordem\\public\\index.php')
CRITICAL - 2023-10-27 14:14:07 --> Argument 1 passed to App\Controllers\Usuarios::exibir() must be of the type int or null, string given, called in C:\xampp\htdocs\ordem\system\CodeIgniter.php on line 919
in APPPATH\Controllers\Usuarios.php on line 66.
 1 SYSTEMPATH\CodeIgniter.php(919): App\Controllers\Usuarios->exibir('img', 'avatar-1.jpg')
 2 SYSTEMPATH\CodeIgniter.php(494): CodeIgniter\CodeIgniter->runController(Object(App\Controllers\Usuarios))
 3 SYSTEMPATH\CodeIgniter.php(353): CodeIgniter\CodeIgniter->handleRequest(null, Object(Config\Cache), false)
 4 FCPATH\index.php(79): CodeIgniter\CodeIgniter->run()
 5 SYSTEMPATH\Commands\Server\rewrite.php(47): require_once('C:\\xampp\\htdocs\\ordem\\public\\index.php')
CRITICAL - 2023-10-27 14:14:08 --> Argument 1 passed to App\Controllers\Usuarios::exibir() must be of the type int or null, string given, called in C:\xampp\htdocs\ordem\system\CodeIgniter.php on line 919
in APPPATH\Controllers\Usuarios.php on line 66.
 1 SYSTEMPATH\CodeIgniter.php(919): App\Controllers\Usuarios->exibir('img', 'avatar-5.jpg')
 2 SYSTEMPATH\CodeIgniter.php(494): CodeIgniter\CodeIgniter->runController(Object(App\Controllers\Usuarios))
 3 SYSTEMPATH\CodeIgniter.php(353): CodeIgniter\CodeIgniter->handleRequest(null, Object(Config\Cache), false)
 4 FCPATH\index.php(79): CodeIgniter\CodeIgniter->run()
 5 SYSTEMPATH\Commands\Server\rewrite.php(47): require_once('C:\\xampp\\htdocs\\ordem\\public\\index.php')
CRITICAL - 2023-10-27 14:14:08 --> Argument 1 passed to App\Controllers\Usuarios::exibir() must be of the type int or null, string given, called in C:\xampp\htdocs\ordem\system\CodeIgniter.php on line 919
in APPPATH\Controllers\Usuarios.php on line 66.
 1 SYSTEMPATH\CodeIgniter.php(919): App\Controllers\Usuarios->exibir('img', 'flags', '16', 'GB.png')
 2 SYSTEMPATH\CodeIgniter.php(494): CodeIgniter\CodeIgniter->runController(Object(App\Controllers\Usuarios))
 3 SYSTEMPATH\CodeIgniter.php(353): CodeIgniter\CodeIgniter->handleRequest(null, Object(Config\Cache), false)
 4 FCPATH\index.php(79): CodeIgniter\CodeIgniter->run()
 5 SYSTEMPATH\Commands\Server\rewrite.php(47): require_once('C:\\xampp\\htdocs\\ordem\\public\\index.php')
CRITICAL - 2023-10-27 14:14:08 --> Argument 1 passed to App\Controllers\Usuarios::exibir() must be of the type int or null, string given, called in C:\xampp\htdocs\ordem\system\CodeIgniter.php on line 919
in APPPATH\Controllers\Usuarios.php on line 66.
 1 SYSTEMPATH\CodeIgniter.php(919): App\Controllers\Usuarios->exibir('img', 'avatar-6.jpg')
 2 SYSTEMPATH\CodeIgniter.php(494): CodeIgniter\CodeIgniter->runController(Object(App\Controllers\Usuarios))
 3 SYSTEMPATH\CodeIgniter.php(353): CodeIgniter\CodeIgniter->handleRequest(null, Object(Config\Cache), false)
 4 FCPATH\index.php(79): CodeIgniter\CodeIgniter->run()
 5 SYSTEMPATH\Commands\Server\rewrite.php(47): require_once('C:\\xampp\\htdocs\\ordem\\public\\index.php')
CRITICAL - 2023-10-27 14:14:09 --> Argument 1 passed to App\Controllers\Usuarios::exibir() must be of the type int or null, string given, called in C:\xampp\htdocs\ordem\system\CodeIgniter.php on line 919
in APPPATH\Controllers\Usuarios.php on line 66.
 1 SYSTEMPATH\CodeIgniter.php(919): App\Controllers\Usuarios->exibir('img', 'flags', '16', 'DE.png')
 2 SYSTEMPATH\CodeIgniter.php(494): CodeIgniter\CodeIgniter->runController(Object(App\Controllers\Usuarios))
 3 SYSTEMPATH\CodeIgniter.php(353): CodeIgniter\CodeIgniter->handleRequest(null, Object(Config\Cache), false)
 4 FCPATH\index.php(79): CodeIgniter\CodeIgniter->run()
 5 SYSTEMPATH\Commands\Server\rewrite.php(47): require_once('C:\\xampp\\htdocs\\ordem\\public\\index.php')
CRITICAL - 2023-10-27 14:14:09 --> Argument 1 passed to App\Controllers\Usuarios::exibir() must be of the type int or null, string given, called in C:\xampp\htdocs\ordem\system\CodeIgniter.php on line 919
in APPPATH\Controllers\Usuarios.php on line 66.
 1 SYSTEMPATH\CodeIgniter.php(919): App\Controllers\Usuarios->exibir('img', 'flags', '16', 'FR.png')
 2 SYSTEMPATH\CodeIgniter.php(494): CodeIgniter\CodeIgniter->runController(Object(App\Controllers\Usuarios))
 3 SYSTEMPATH\CodeIgniter.php(353): CodeIgniter\CodeIgniter->handleRequest(null, Object(Config\Cache), false)
 4 FCPATH\index.php(79): CodeIgniter\CodeIgniter->run()
 5 SYSTEMPATH\Commands\Server\rewrite.php(47): require_once('C:\\xampp\\htdocs\\ordem\\public\\index.php')
CRITICAL - 2023-10-27 14:14:13 --> Argument 1 passed to App\Controllers\Usuarios::editar() must be of the type int or null, string given, called in C:\xampp\htdocs\ordem\system\CodeIgniter.php on line 919
in APPPATH\Controllers\Usuarios.php on line 79.
 1 SYSTEMPATH\CodeIgniter.php(919): App\Controllers\Usuarios->editar('img', 'avatar-3.jpg')
 2 SYSTEMPATH\CodeIgniter.php(494): CodeIgniter\CodeIgniter->runController(Object(App\Controllers\Usuarios))
 3 SYSTEMPATH\CodeIgniter.php(353): CodeIgniter\CodeIgniter->handleRequest(null, Object(Config\Cache), false)
 4 FCPATH\index.php(79): CodeIgniter\CodeIgniter->run()
 5 SYSTEMPATH\Commands\Server\rewrite.php(47): require_once('C:\\xampp\\htdocs\\ordem\\public\\index.php')
CRITICAL - 2023-10-27 14:14:13 --> Argument 1 passed to App\Controllers\Usuarios::editar() must be of the type int or null, string given, called in C:\xampp\htdocs\ordem\system\CodeIgniter.php on line 919
in APPPATH\Controllers\Usuarios.php on line 79.
 1 SYSTEMPATH\CodeIgniter.php(919): App\Controllers\Usuarios->editar('img', 'avatar-2.jpg')
 2 SYSTEMPATH\CodeIgniter.php(494): CodeIgniter\CodeIgniter->runController(Object(App\Controllers\Usuarios))
 3 SYSTEMPATH\CodeIgniter.php(353): CodeIgniter\CodeIgniter->handleRequest(null, Object(Config\Cache), false)
 4 FCPATH\index.php(79): CodeIgniter\CodeIgniter->run()
 5 SYSTEMPATH\Commands\Server\rewrite.php(47): require_once('C:\\xampp\\htdocs\\ordem\\public\\index.php')
CRITICAL - 2023-10-27 14:14:14 --> Argument 1 passed to App\Controllers\Usuarios::editar() must be of the type int or null, string given, called in C:\xampp\htdocs\ordem\system\CodeIgniter.php on line 919
in APPPATH\Controllers\Usuarios.php on line 79.
 1 SYSTEMPATH\CodeIgniter.php(919): App\Controllers\Usuarios->editar('img', 'avatar-1.jpg')
 2 SYSTEMPATH\CodeIgniter.php(494): CodeIgniter\CodeIgniter->runController(Object(App\Controllers\Usuarios))
 3 SYSTEMPATH\CodeIgniter.php(353): CodeIgniter\CodeIgniter->handleRequest(null, Object(Config\Cache), false)
 4 FCPATH\index.php(79): CodeIgniter\CodeIgniter->run()
 5 SYSTEMPATH\Commands\Server\rewrite.php(47): require_once('C:\\xampp\\htdocs\\ordem\\public\\index.php')
CRITICAL - 2023-10-27 14:14:14 --> Argument 1 passed to App\Controllers\Usuarios::editar() must be of the type int or null, string given, called in C:\xampp\htdocs\ordem\system\CodeIgniter.php on line 919
in APPPATH\Controllers\Usuarios.php on line 79.
 1 SYSTEMPATH\CodeIgniter.php(919): App\Controllers\Usuarios->editar('img', 'avatar-5.jpg')
 2 SYSTEMPATH\CodeIgniter.php(494): CodeIgniter\CodeIgniter->runController(Object(App\Controllers\Usuarios))
 3 SYSTEMPATH\CodeIgniter.php(353): CodeIgniter\CodeIgniter->handleRequest(null, Object(Config\Cache), false)
 4 FCPATH\index.php(79): CodeIgniter\CodeIgniter->run()
 5 SYSTEMPATH\Commands\Server\rewrite.php(47): require_once('C:\\xampp\\htdocs\\ordem\\public\\index.php')
CRITICAL - 2023-10-27 14:14:14 --> Argument 1 passed to App\Controllers\Usuarios::editar() must be of the type int or null, string given, called in C:\xampp\htdocs\ordem\system\CodeIgniter.php on line 919
in APPPATH\Controllers\Usuarios.php on line 79.
 1 SYSTEMPATH\CodeIgniter.php(919): App\Controllers\Usuarios->editar('img', 'flags', '16', 'GB.png')
 2 SYSTEMPATH\CodeIgniter.php(494): CodeIgniter\CodeIgniter->runController(Object(App\Controllers\Usuarios))
 3 SYSTEMPATH\CodeIgniter.php(353): CodeIgniter\CodeIgniter->handleRequest(null, Object(Config\Cache), false)
 4 FCPATH\index.php(79): CodeIgniter\CodeIgniter->run()
 5 SYSTEMPATH\Commands\Server\rewrite.php(47): require_once('C:\\xampp\\htdocs\\ordem\\public\\index.php')
CRITICAL - 2023-10-27 14:14:14 --> Argument 1 passed to App\Controllers\Usuarios::editar() must be of the type int or null, string given, called in C:\xampp\htdocs\ordem\system\CodeIgniter.php on line 919
in APPPATH\Controllers\Usuarios.php on line 79.
 1 SYSTEMPATH\CodeIgniter.php(919): App\Controllers\Usuarios->editar('img', 'avatar-6.jpg')
 2 SYSTEMPATH\CodeIgniter.php(494): CodeIgniter\CodeIgniter->runController(Object(App\Controllers\Usuarios))
 3 SYSTEMPATH\CodeIgniter.php(353): CodeIgniter\CodeIgniter->handleRequest(null, Object(Config\Cache), false)
 4 FCPATH\index.php(79): CodeIgniter\CodeIgniter->run()
 5 SYSTEMPATH\Commands\Server\rewrite.php(47): require_once('C:\\xampp\\htdocs\\ordem\\public\\index.php')
CRITICAL - 2023-10-27 14:14:15 --> Argument 1 passed to App\Controllers\Usuarios::editar() must be of the type int or null, string given, called in C:\xampp\htdocs\ordem\system\CodeIgniter.php on line 919
in APPPATH\Controllers\Usuarios.php on line 79.
 1 SYSTEMPATH\CodeIgniter.php(919): App\Controllers\Usuarios->editar('img', 'flags', '16', 'DE.png')
 2 SYSTEMPATH\CodeIgniter.php(494): CodeIgniter\CodeIgniter->runController(Object(App\Controllers\Usuarios))
 3 SYSTEMPATH\CodeIgniter.php(353): CodeIgniter\CodeIgniter->handleRequest(null, Object(Config\Cache), false)
 4 FCPATH\index.php(79): CodeIgniter\CodeIgniter->run()
 5 SYSTEMPATH\Commands\Server\rewrite.php(47): require_once('C:\\xampp\\htdocs\\ordem\\public\\index.php')
CRITICAL - 2023-10-27 14:14:15 --> Argument 1 passed to App\Controllers\Usuarios::editar() must be of the type int or null, string given, called in C:\xampp\htdocs\ordem\system\CodeIgniter.php on line 919
in APPPATH\Controllers\Usuarios.php on line 79.
 1 SYSTEMPATH\CodeIgniter.php(919): App\Controllers\Usuarios->editar('img', 'flags', '16', 'FR.png')
 2 SYSTEMPATH\CodeIgniter.php(494): CodeIgniter\CodeIgniter->runController(Object(App\Controllers\Usuarios))
 3 SYSTEMPATH\CodeIgniter.php(353): CodeIgniter\CodeIgniter->handleRequest(null, Object(Config\Cache), false)
 4 FCPATH\index.php(79): CodeIgniter\CodeIgniter->run()
 5 SYSTEMPATH\Commands\Server\rewrite.php(47): require_once('C:\\xampp\\htdocs\\ordem\\public\\index.php')
INFO - 2023-10-27 14:14:18 --> CSRF token verified.
CRITICAL - 2023-10-27 14:15:39 --> A ação que você requisitou não é permitida.
in SYSTEMPATH\Security\Security.php on line 298.
 1 SYSTEMPATH\Security\Security.php(298): CodeIgniter\Security\Exceptions\SecurityException::forDisallowedAction()
 2 SYSTEMPATH\Filters\CSRF.php(55): CodeIgniter\Security\Security->verify(Object(CodeIgniter\HTTP\IncomingRequest))
 3 SYSTEMPATH\Filters\Filters.php(182): CodeIgniter\Filters\CSRF->before(Object(CodeIgniter\HTTP\IncomingRequest), null)
 4 SYSTEMPATH\CodeIgniter.php(466): CodeIgniter\Filters\Filters->run('usuarios/atualizar', 'before')
 5 SYSTEMPATH\CodeIgniter.php(353): CodeIgniter\CodeIgniter->handleRequest(null, Object(Config\Cache), false)
 6 FCPATH\index.php(79): CodeIgniter\CodeIgniter->run()
 7 SYSTEMPATH\Commands\Server\rewrite.php(47): require_once('C:\\xampp\\htdocs\\ordem\\public\\index.php')
CRITICAL - 2023-10-27 14:53:17 --> A ação que você requisitou não é permitida.
in SYSTEMPATH\Security\Security.php on line 298.
 1 SYSTEMPATH\Security\Security.php(298): CodeIgniter\Security\Exceptions\SecurityException::forDisallowedAction()
 2 SYSTEMPATH\Filters\CSRF.php(55): CodeIgniter\Security\Security->verify(Object(CodeIgniter\HTTP\IncomingRequest))
 3 SYSTEMPATH\Filters\Filters.php(182): CodeIgniter\Filters\CSRF->before(Object(CodeIgniter\HTTP\IncomingRequest), null)
 4 SYSTEMPATH\CodeIgniter.php(466): CodeIgniter\Filters\Filters->run('usuarios/atualizar', 'before')
 5 SYSTEMPATH\CodeIgniter.php(353): CodeIgniter\CodeIgniter->handleRequest(null, Object(Config\Cache), false)
 6 FCPATH\index.php(79): CodeIgniter\CodeIgniter->run()
 7 SYSTEMPATH\Commands\Server\rewrite.php(47): require_once('C:\\xampp\\htdocs\\ordem\\public\\index.php')
CRITICAL - 2023-10-27 14:53:22 --> Argument 1 passed to App\Controllers\Usuarios::editar() must be of the type int or null, string given, called in C:\xampp\htdocs\ordem\system\CodeIgniter.php on line 919
in APPPATH\Controllers\Usuarios.php on line 79.
 1 SYSTEMPATH\CodeIgniter.php(919): App\Controllers\Usuarios->editar('img', 'avatar-3.jpg')
 2 SYSTEMPATH\CodeIgniter.php(494): CodeIgniter\CodeIgniter->runController(Object(App\Controllers\Usuarios))
 3 SYSTEMPATH\CodeIgniter.php(353): CodeIgniter\CodeIgniter->handleRequest(null, Object(Config\Cache), false)
 4 FCPATH\index.php(79): CodeIgniter\CodeIgniter->run()
 5 SYSTEMPATH\Commands\Server\rewrite.php(47): require_once('C:\\xampp\\htdocs\\ordem\\public\\index.php')
CRITICAL - 2023-10-27 14:53:22 --> Argument 1 passed to App\Controllers\Usuarios::editar() must be of the type int or null, string given, called in C:\xampp\htdocs\ordem\system\CodeIgniter.php on line 919
in APPPATH\Controllers\Usuarios.php on line 79.
 1 SYSTEMPATH\CodeIgniter.php(919): App\Controllers\Usuarios->editar('img', 'avatar-2.jpg')
 2 SYSTEMPATH\CodeIgniter.php(494): CodeIgniter\CodeIgniter->runController(Object(App\Controllers\Usuarios))
 3 SYSTEMPATH\CodeIgniter.php(353): CodeIgniter\CodeIgniter->handleRequest(null, Object(Config\Cache), false)
 4 FCPATH\index.php(79): CodeIgniter\CodeIgniter->run()
 5 SYSTEMPATH\Commands\Server\rewrite.php(47): require_once('C:\\xampp\\htdocs\\ordem\\public\\index.php')
CRITICAL - 2023-10-27 14:53:22 --> Argument 1 passed to App\Controllers\Usuarios::editar() must be of the type int or null, string given, called in C:\xampp\htdocs\ordem\system\CodeIgniter.php on line 919
in APPPATH\Controllers\Usuarios.php on line 79.
 1 SYSTEMPATH\CodeIgniter.php(919): App\Controllers\Usuarios->editar('img', 'avatar-1.jpg')
 2 SYSTEMPATH\CodeIgniter.php(494): CodeIgniter\CodeIgniter->runController(Object(App\Controllers\Usuarios))
 3 SYSTEMPATH\CodeIgniter.php(353): CodeIgniter\CodeIgniter->handleRequest(null, Object(Config\Cache), false)
 4 FCPATH\index.php(79): CodeIgniter\CodeIgniter->run()
 5 SYSTEMPATH\Commands\Server\rewrite.php(47): require_once('C:\\xampp\\htdocs\\ordem\\public\\index.php')
CRITICAL - 2023-10-27 14:53:22 --> Argument 1 passed to App\Controllers\Usuarios::editar() must be of the type int or null, string given, called in C:\xampp\htdocs\ordem\system\CodeIgniter.php on line 919
in APPPATH\Controllers\Usuarios.php on line 79.
 1 SYSTEMPATH\CodeIgniter.php(919): App\Controllers\Usuarios->editar('img', 'avatar-5.jpg')
 2 SYSTEMPATH\CodeIgniter.php(494): CodeIgniter\CodeIgniter->runController(Object(App\Controllers\Usuarios))
 3 SYSTEMPATH\CodeIgniter.php(353): CodeIgniter\CodeIgniter->handleRequest(null, Object(Config\Cache), false)
 4 FCPATH\index.php(79): CodeIgniter\CodeIgniter->run()
 5 SYSTEMPATH\Commands\Server\rewrite.php(47): require_once('C:\\xampp\\htdocs\\ordem\\public\\index.php')
CRITICAL - 2023-10-27 14:53:23 --> Argument 1 passed to App\Controllers\Usuarios::editar() must be of the type int or null, string given, called in C:\xampp\htdocs\ordem\system\CodeIgniter.php on line 919
in APPPATH\Controllers\Usuarios.php on line 79.
 1 SYSTEMPATH\CodeIgniter.php(919): App\Controllers\Usuarios->editar('img', 'flags', '16', 'GB.png')
 2 SYSTEMPATH\CodeIgniter.php(494): CodeIgniter\CodeIgniter->runController(Object(App\Controllers\Usuarios))
 3 SYSTEMPATH\CodeIgniter.php(353): CodeIgniter\CodeIgniter->handleRequest(null, Object(Config\Cache), false)
 4 FCPATH\index.php(79): CodeIgniter\CodeIgniter->run()
 5 SYSTEMPATH\Commands\Server\rewrite.php(47): require_once('C:\\xampp\\htdocs\\ordem\\public\\index.php')
CRITICAL - 2023-10-27 14:53:23 --> Argument 1 passed to App\Controllers\Usuarios::editar() must be of the type int or null, string given, called in C:\xampp\htdocs\ordem\system\CodeIgniter.php on line 919
in APPPATH\Controllers\Usuarios.php on line 79.
 1 SYSTEMPATH\CodeIgniter.php(919): App\Controllers\Usuarios->editar('img', 'avatar-6.jpg')
 2 SYSTEMPATH\CodeIgniter.php(494): CodeIgniter\CodeIgniter->runController(Object(App\Controllers\Usuarios))
 3 SYSTEMPATH\CodeIgniter.php(353): CodeIgniter\CodeIgniter->handleRequest(null, Object(Config\Cache), false)
 4 FCPATH\index.php(79): CodeIgniter\CodeIgniter->run()
 5 SYSTEMPATH\Commands\Server\rewrite.php(47): require_once('C:\\xampp\\htdocs\\ordem\\public\\index.php')
CRITICAL - 2023-10-27 14:53:23 --> Argument 1 passed to App\Controllers\Usuarios::editar() must be of the type int or null, string given, called in C:\xampp\htdocs\ordem\system\CodeIgniter.php on line 919
in APPPATH\Controllers\Usuarios.php on line 79.
 1 SYSTEMPATH\CodeIgniter.php(919): App\Controllers\Usuarios->editar('img', 'flags', '16', 'DE.png')
 2 SYSTEMPATH\CodeIgniter.php(494): CodeIgniter\CodeIgniter->runController(Object(App\Controllers\Usuarios))
 3 SYSTEMPATH\CodeIgniter.php(353): CodeIgniter\CodeIgniter->handleRequest(null, Object(Config\Cache), false)
 4 FCPATH\index.php(79): CodeIgniter\CodeIgniter->run()
 5 SYSTEMPATH\Commands\Server\rewrite.php(47): require_once('C:\\xampp\\htdocs\\ordem\\public\\index.php')
CRITICAL - 2023-10-27 14:53:24 --> Argument 1 passed to App\Controllers\Usuarios::editar() must be of the type int or null, string given, called in C:\xampp\htdocs\ordem\system\CodeIgniter.php on line 919
in APPPATH\Controllers\Usuarios.php on line 79.
 1 SYSTEMPATH\CodeIgniter.php(919): App\Controllers\Usuarios->editar('img', 'flags', '16', 'FR.png')
 2 SYSTEMPATH\CodeIgniter.php(494): CodeIgniter\CodeIgniter->runController(Object(App\Controllers\Usuarios))
 3 SYSTEMPATH\CodeIgniter.php(353): CodeIgniter\CodeIgniter->handleRequest(null, Object(Config\Cache), false)
 4 FCPATH\index.php(79): CodeIgniter\CodeIgniter->run()
 5 SYSTEMPATH\Commands\Server\rewrite.php(47): require_once('C:\\xampp\\htdocs\\ordem\\public\\index.php')
INFO - 2023-10-27 14:53:25 --> CSRF token verified.
CRITICAL - 2023-10-27 14:53:26 --> Argument 1 passed to App\Controllers\Usuarios::exibir() must be of the type int or null, string given, called in C:\xampp\htdocs\ordem\system\CodeIgniter.php on line 919
in APPPATH\Controllers\Usuarios.php on line 66.
 1 SYSTEMPATH\CodeIgniter.php(919): App\Controllers\Usuarios->exibir('img', 'avatar-3.jpg')
 2 SYSTEMPATH\CodeIgniter.php(494): CodeIgniter\CodeIgniter->runController(Object(App\Controllers\Usuarios))
 3 SYSTEMPATH\CodeIgniter.php(353): CodeIgniter\CodeIgniter->handleRequest(null, Object(Config\Cache), false)
 4 FCPATH\index.php(79): CodeIgniter\CodeIgniter->run()
 5 SYSTEMPATH\Commands\Server\rewrite.php(47): require_once('C:\\xampp\\htdocs\\ordem\\public\\index.php')
CRITICAL - 2023-10-27 14:53:27 --> Argument 1 passed to App\Controllers\Usuarios::exibir() must be of the type int or null, string given, called in C:\xampp\htdocs\ordem\system\CodeIgniter.php on line 919
in APPPATH\Controllers\Usuarios.php on line 66.
 1 SYSTEMPATH\CodeIgniter.php(919): App\Controllers\Usuarios->exibir('img', 'avatar-2.jpg')
 2 SYSTEMPATH\CodeIgniter.php(494): CodeIgniter\CodeIgniter->runController(Object(App\Controllers\Usuarios))
 3 SYSTEMPATH\CodeIgniter.php(353): CodeIgniter\CodeIgniter->handleRequest(null, Object(Config\Cache), false)
 4 FCPATH\index.php(79): CodeIgniter\CodeIgniter->run()
 5 SYSTEMPATH\Commands\Server\rewrite.php(47): require_once('C:\\xampp\\htdocs\\ordem\\public\\index.php')
CRITICAL - 2023-10-27 14:53:27 --> Argument 1 passed to App\Controllers\Usuarios::exibir() must be of the type int or null, string given, called in C:\xampp\htdocs\ordem\system\CodeIgniter.php on line 919
in APPPATH\Controllers\Usuarios.php on line 66.
 1 SYSTEMPATH\CodeIgniter.php(919): App\Controllers\Usuarios->exibir('img', 'avatar-1.jpg')
 2 SYSTEMPATH\CodeIgniter.php(494): CodeIgniter\CodeIgniter->runController(Object(App\Controllers\Usuarios))
 3 SYSTEMPATH\CodeIgniter.php(353): CodeIgniter\CodeIgniter->handleRequest(null, Object(Config\Cache), false)
 4 FCPATH\index.php(79): CodeIgniter\CodeIgniter->run()
 5 SYSTEMPATH\Commands\Server\rewrite.php(47): require_once('C:\\xampp\\htdocs\\ordem\\public\\index.php')
CRITICAL - 2023-10-27 14:53:27 --> Argument 1 passed to App\Controllers\Usuarios::exibir() must be of the type int or null, string given, called in C:\xampp\htdocs\ordem\system\CodeIgniter.php on line 919
in APPPATH\Controllers\Usuarios.php on line 66.
 1 SYSTEMPATH\CodeIgniter.php(919): App\Controllers\Usuarios->exibir('img', 'avatar-5.jpg')
 2 SYSTEMPATH\CodeIgniter.php(494): CodeIgniter\CodeIgniter->runController(Object(App\Controllers\Usuarios))
 3 SYSTEMPATH\CodeIgniter.php(353): CodeIgniter\CodeIgniter->handleRequest(null, Object(Config\Cache), false)
 4 FCPATH\index.php(79): CodeIgniter\CodeIgniter->run()
 5 SYSTEMPATH\Commands\Server\rewrite.php(47): require_once('C:\\xampp\\htdocs\\ordem\\public\\index.php')
CRITICAL - 2023-10-27 14:53:27 --> Argument 1 passed to App\Controllers\Usuarios::exibir() must be of the type int or null, string given, called in C:\xampp\htdocs\ordem\system\CodeIgniter.php on line 919
in APPPATH\Controllers\Usuarios.php on line 66.
 1 SYSTEMPATH\CodeIgniter.php(919): App\Controllers\Usuarios->exibir('img', 'flags', '16', 'GB.png')
 2 SYSTEMPATH\CodeIgniter.php(494): CodeIgniter\CodeIgniter->runController(Object(App\Controllers\Usuarios))
 3 SYSTEMPATH\CodeIgniter.php(353): CodeIgniter\CodeIgniter->handleRequest(null, Object(Config\Cache), false)
 4 FCPATH\index.php(79): CodeIgniter\CodeIgniter->run()
 5 SYSTEMPATH\Commands\Server\rewrite.php(47): require_once('C:\\xampp\\htdocs\\ordem\\public\\index.php')
CRITICAL - 2023-10-27 14:53:28 --> Argument 1 passed to App\Controllers\Usuarios::exibir() must be of the type int or null, string given, called in C:\xampp\htdocs\ordem\system\CodeIgniter.php on line 919
in APPPATH\Controllers\Usuarios.php on line 66.
 1 SYSTEMPATH\CodeIgniter.php(919): App\Controllers\Usuarios->exibir('img', 'avatar-6.jpg')
 2 SYSTEMPATH\CodeIgniter.php(494): CodeIgniter\CodeIgniter->runController(Object(App\Controllers\Usuarios))
 3 SYSTEMPATH\CodeIgniter.php(353): CodeIgniter\CodeIgniter->handleRequest(null, Object(Config\Cache), false)
 4 FCPATH\index.php(79): CodeIgniter\CodeIgniter->run()
 5 SYSTEMPATH\Commands\Server\rewrite.php(47): require_once('C:\\xampp\\htdocs\\ordem\\public\\index.php')
CRITICAL - 2023-10-27 14:53:28 --> Argument 1 passed to App\Controllers\Usuarios::exibir() must be of the type int or null, string given, called in C:\xampp\htdocs\ordem\system\CodeIgniter.php on line 919
in APPPATH\Controllers\Usuarios.php on line 66.
 1 SYSTEMPATH\CodeIgniter.php(919): App\Controllers\Usuarios->exibir('img', 'flags', '16', 'DE.png')
 2 SYSTEMPATH\CodeIgniter.php(494): CodeIgniter\CodeIgniter->runController(Object(App\Controllers\Usuarios))
 3 SYSTEMPATH\CodeIgniter.php(353): CodeIgniter\CodeIgniter->handleRequest(null, Object(Config\Cache), false)
 4 FCPATH\index.php(79): CodeIgniter\CodeIgniter->run()
 5 SYSTEMPATH\Commands\Server\rewrite.php(47): require_once('C:\\xampp\\htdocs\\ordem\\public\\index.php')
CRITICAL - 2023-10-27 14:53:28 --> Argument 1 passed to App\Controllers\Usuarios::exibir() must be of the type int or null, string given, called in C:\xampp\htdocs\ordem\system\CodeIgniter.php on line 919
in APPPATH\Controllers\Usuarios.php on line 66.
 1 SYSTEMPATH\CodeIgniter.php(919): App\Controllers\Usuarios->exibir('img', 'flags', '16', 'FR.png')
 2 SYSTEMPATH\CodeIgniter.php(494): CodeIgniter\CodeIgniter->runController(Object(App\Controllers\Usuarios))
 3 SYSTEMPATH\CodeIgniter.php(353): CodeIgniter\CodeIgniter->handleRequest(null, Object(Config\Cache), false)
 4 FCPATH\index.php(79): CodeIgniter\CodeIgniter->run()
 5 SYSTEMPATH\Commands\Server\rewrite.php(47): require_once('C:\\xampp\\htdocs\\ordem\\public\\index.php')
CRITICAL - 2023-10-27 15:20:28 --> Argument 1 passed to App\Controllers\Usuarios::exibir() must be of the type int or null, string given, called in C:\xampp\htdocs\ordem\system\CodeIgniter.php on line 919
in APPPATH\Controllers\Usuarios.php on line 66.
 1 SYSTEMPATH\CodeIgniter.php(919): App\Controllers\Usuarios->exibir('img', 'avatar-3.jpg')
 2 SYSTEMPATH\CodeIgniter.php(494): CodeIgniter\CodeIgniter->runController(Object(App\Controllers\Usuarios))
 3 SYSTEMPATH\CodeIgniter.php(353): CodeIgniter\CodeIgniter->handleRequest(null, Object(Config\Cache), false)
 4 FCPATH\index.php(79): CodeIgniter\CodeIgniter->run()
 5 SYSTEMPATH\Commands\Server\rewrite.php(47): require_once('C:\\xampp\\htdocs\\ordem\\public\\index.php')
CRITICAL - 2023-10-27 15:20:28 --> Argument 1 passed to App\Controllers\Usuarios::exibir() must be of the type int or null, string given, called in C:\xampp\htdocs\ordem\system\CodeIgniter.php on line 919
in APPPATH\Controllers\Usuarios.php on line 66.
 1 SYSTEMPATH\CodeIgniter.php(919): App\Controllers\Usuarios->exibir('img', 'avatar-2.jpg')
 2 SYSTEMPATH\CodeIgniter.php(494): CodeIgniter\CodeIgniter->runController(Object(App\Controllers\Usuarios))
 3 SYSTEMPATH\CodeIgniter.php(353): CodeIgniter\CodeIgniter->handleRequest(null, Object(Config\Cache), false)
 4 FCPATH\index.php(79): CodeIgniter\CodeIgniter->run()
 5 SYSTEMPATH\Commands\Server\rewrite.php(47): require_once('C:\\xampp\\htdocs\\ordem\\public\\index.php')
CRITICAL - 2023-10-27 15:20:28 --> Argument 1 passed to App\Controllers\Usuarios::exibir() must be of the type int or null, string given, called in C:\xampp\htdocs\ordem\system\CodeIgniter.php on line 919
in APPPATH\Controllers\Usuarios.php on line 66.
 1 SYSTEMPATH\CodeIgniter.php(919): App\Controllers\Usuarios->exibir('img', 'avatar-1.jpg')
 2 SYSTEMPATH\CodeIgniter.php(494): CodeIgniter\CodeIgniter->runController(Object(App\Controllers\Usuarios))
 3 SYSTEMPATH\CodeIgniter.php(353): CodeIgniter\CodeIgniter->handleRequest(null, Object(Config\Cache), false)
 4 FCPATH\index.php(79): CodeIgniter\CodeIgniter->run()
 5 SYSTEMPATH\Commands\Server\rewrite.php(47): require_once('C:\\xampp\\htdocs\\ordem\\public\\index.php')
CRITICAL - 2023-10-27 15:20:28 --> Argument 1 passed to App\Controllers\Usuarios::exibir() must be of the type int or null, string given, called in C:\xampp\htdocs\ordem\system\CodeIgniter.php on line 919
in APPPATH\Controllers\Usuarios.php on line 66.
 1 SYSTEMPATH\CodeIgniter.php(919): App\Controllers\Usuarios->exibir('img', 'avatar-5.jpg')
 2 SYSTEMPATH\CodeIgniter.php(494): CodeIgniter\CodeIgniter->runController(Object(App\Controllers\Usuarios))
 3 SYSTEMPATH\CodeIgniter.php(353): CodeIgniter\CodeIgniter->handleRequest(null, Object(Config\Cache), false)
 4 FCPATH\index.php(79): CodeIgniter\CodeIgniter->run()
 5 SYSTEMPATH\Commands\Server\rewrite.php(47): require_once('C:\\xampp\\htdocs\\ordem\\public\\index.php')
CRITICAL - 2023-10-27 15:20:29 --> Argument 1 passed to App\Controllers\Usuarios::exibir() must be of the type int or null, string given, called in C:\xampp\htdocs\ordem\system\CodeIgniter.php on line 919
in APPPATH\Controllers\Usuarios.php on line 66.
 1 SYSTEMPATH\CodeIgniter.php(919): App\Controllers\Usuarios->exibir('img', 'flags', '16', 'GB.png')
 2 SYSTEMPATH\CodeIgniter.php(494): CodeIgniter\CodeIgniter->runController(Object(App\Controllers\Usuarios))
 3 SYSTEMPATH\CodeIgniter.php(353): CodeIgniter\CodeIgniter->handleRequest(null, Object(Config\Cache), false)
 4 FCPATH\index.php(79): CodeIgniter\CodeIgniter->run()
 5 SYSTEMPATH\Commands\Server\rewrite.php(47): require_once('C:\\xampp\\htdocs\\ordem\\public\\index.php')
CRITICAL - 2023-10-27 15:20:29 --> Argument 1 passed to App\Controllers\Usuarios::exibir() must be of the type int or null, string given, called in C:\xampp\htdocs\ordem\system\CodeIgniter.php on line 919
in APPPATH\Controllers\Usuarios.php on line 66.
 1 SYSTEMPATH\CodeIgniter.php(919): App\Controllers\Usuarios->exibir('img', 'avatar-6.jpg')
 2 SYSTEMPATH\CodeIgniter.php(494): CodeIgniter\CodeIgniter->runController(Object(App\Controllers\Usuarios))
 3 SYSTEMPATH\CodeIgniter.php(353): CodeIgniter\CodeIgniter->handleRequest(null, Object(Config\Cache), false)
 4 FCPATH\index.php(79): CodeIgniter\CodeIgniter->run()
 5 SYSTEMPATH\Commands\Server\rewrite.php(47): require_once('C:\\xampp\\htdocs\\ordem\\public\\index.php')
CRITICAL - 2023-10-27 15:20:30 --> Argument 1 passed to App\Controllers\Usuarios::exibir() must be of the type int or null, string given, called in C:\xampp\htdocs\ordem\system\CodeIgniter.php on line 919
in APPPATH\Controllers\Usuarios.php on line 66.
 1 SYSTEMPATH\CodeIgniter.php(919): App\Controllers\Usuarios->exibir('img', 'flags', '16', 'DE.png')
 2 SYSTEMPATH\CodeIgniter.php(494): CodeIgniter\CodeIgniter->runController(Object(App\Controllers\Usuarios))
 3 SYSTEMPATH\CodeIgniter.php(353): CodeIgniter\CodeIgniter->handleRequest(null, Object(Config\Cache), false)
 4 FCPATH\index.php(79): CodeIgniter\CodeIgniter->run()
 5 SYSTEMPATH\Commands\Server\rewrite.php(47): require_once('C:\\xampp\\htdocs\\ordem\\public\\index.php')
CRITICAL - 2023-10-27 15:20:30 --> Argument 1 passed to App\Controllers\Usuarios::exibir() must be of the type int or null, string given, called in C:\xampp\htdocs\ordem\system\CodeIgniter.php on line 919
in APPPATH\Controllers\Usuarios.php on line 66.
 1 SYSTEMPATH\CodeIgniter.php(919): App\Controllers\Usuarios->exibir('img', 'flags', '16', 'FR.png')
 2 SYSTEMPATH\CodeIgniter.php(494): CodeIgniter\CodeIgniter->runController(Object(App\Controllers\Usuarios))
 3 SYSTEMPATH\CodeIgniter.php(353): CodeIgniter\CodeIgniter->handleRequest(null, Object(Config\Cache), false)
 4 FCPATH\index.php(79): CodeIgniter\CodeIgniter->run()
 5 SYSTEMPATH\Commands\Server\rewrite.php(47): require_once('C:\\xampp\\htdocs\\ordem\\public\\index.php')
CRITICAL - 2023-10-27 15:20:38 --> Argument 1 passed to App\Controllers\Usuarios::editar() must be of the type int or null, string given, called in C:\xampp\htdocs\ordem\system\CodeIgniter.php on line 919
in APPPATH\Controllers\Usuarios.php on line 79.
 1 SYSTEMPATH\CodeIgniter.php(919): App\Controllers\Usuarios->editar('img', 'avatar-3.jpg')
 2 SYSTEMPATH\CodeIgniter.php(494): CodeIgniter\CodeIgniter->runController(Object(App\Controllers\Usuarios))
 3 SYSTEMPATH\CodeIgniter.php(353): CodeIgniter\CodeIgniter->handleRequest(null, Object(Config\Cache), false)
 4 FCPATH\index.php(79): CodeIgniter\CodeIgniter->run()
 5 SYSTEMPATH\Commands\Server\rewrite.php(47): require_once('C:\\xampp\\htdocs\\ordem\\public\\index.php')
CRITICAL - 2023-10-27 15:20:38 --> Argument 1 passed to App\Controllers\Usuarios::editar() must be of the type int or null, string given, called in C:\xampp\htdocs\ordem\system\CodeIgniter.php on line 919
in APPPATH\Controllers\Usuarios.php on line 79.
 1 SYSTEMPATH\CodeIgniter.php(919): App\Controllers\Usuarios->editar('img', 'avatar-2.jpg')
 2 SYSTEMPATH\CodeIgniter.php(494): CodeIgniter\CodeIgniter->runController(Object(App\Controllers\Usuarios))
 3 SYSTEMPATH\CodeIgniter.php(353): CodeIgniter\CodeIgniter->handleRequest(null, Object(Config\Cache), false)
 4 FCPATH\index.php(79): CodeIgniter\CodeIgniter->run()
 5 SYSTEMPATH\Commands\Server\rewrite.php(47): require_once('C:\\xampp\\htdocs\\ordem\\public\\index.php')
CRITICAL - 2023-10-27 15:20:38 --> Argument 1 passed to App\Controllers\Usuarios::editar() must be of the type int or null, string given, called in C:\xampp\htdocs\ordem\system\CodeIgniter.php on line 919
in APPPATH\Controllers\Usuarios.php on line 79.
 1 SYSTEMPATH\CodeIgniter.php(919): App\Controllers\Usuarios->editar('img', 'avatar-1.jpg')
 2 SYSTEMPATH\CodeIgniter.php(494): CodeIgniter\CodeIgniter->runController(Object(App\Controllers\Usuarios))
 3 SYSTEMPATH\CodeIgniter.php(353): CodeIgniter\CodeIgniter->handleRequest(null, Object(Config\Cache), false)
 4 FCPATH\index.php(79): CodeIgniter\CodeIgniter->run()
 5 SYSTEMPATH\Commands\Server\rewrite.php(47): require_once('C:\\xampp\\htdocs\\ordem\\public\\index.php')
CRITICAL - 2023-10-27 15:20:38 --> Argument 1 passed to App\Controllers\Usuarios::editar() must be of the type int or null, string given, called in C:\xampp\htdocs\ordem\system\CodeIgniter.php on line 919
in APPPATH\Controllers\Usuarios.php on line 79.
 1 SYSTEMPATH\CodeIgniter.php(919): App\Controllers\Usuarios->editar('img', 'avatar-5.jpg')
 2 SYSTEMPATH\CodeIgniter.php(494): CodeIgniter\CodeIgniter->runController(Object(App\Controllers\Usuarios))
 3 SYSTEMPATH\CodeIgniter.php(353): CodeIgniter\CodeIgniter->handleRequest(null, Object(Config\Cache), false)
 4 FCPATH\index.php(79): CodeIgniter\CodeIgniter->run()
 5 SYSTEMPATH\Commands\Server\rewrite.php(47): require_once('C:\\xampp\\htdocs\\ordem\\public\\index.php')
CRITICAL - 2023-10-27 15:20:38 --> Argument 1 passed to App\Controllers\Usuarios::editar() must be of the type int or null, string given, called in C:\xampp\htdocs\ordem\system\CodeIgniter.php on line 919
in APPPATH\Controllers\Usuarios.php on line 79.
 1 SYSTEMPATH\CodeIgniter.php(919): App\Controllers\Usuarios->editar('img', 'flags', '16', 'GB.png')
 2 SYSTEMPATH\CodeIgniter.php(494): CodeIgniter\CodeIgniter->runController(Object(App\Controllers\Usuarios))
 3 SYSTEMPATH\CodeIgniter.php(353): CodeIgniter\CodeIgniter->handleRequest(null, Object(Config\Cache), false)
 4 FCPATH\index.php(79): CodeIgniter\CodeIgniter->run()
 5 SYSTEMPATH\Commands\Server\rewrite.php(47): require_once('C:\\xampp\\htdocs\\ordem\\public\\index.php')
CRITICAL - 2023-10-27 15:20:39 --> Argument 1 passed to App\Controllers\Usuarios::editar() must be of the type int or null, string given, called in C:\xampp\htdocs\ordem\system\CodeIgniter.php on line 919
in APPPATH\Controllers\Usuarios.php on line 79.
 1 SYSTEMPATH\CodeIgniter.php(919): App\Controllers\Usuarios->editar('img', 'avatar-6.jpg')
 2 SYSTEMPATH\CodeIgniter.php(494): CodeIgniter\CodeIgniter->runController(Object(App\Controllers\Usuarios))
 3 SYSTEMPATH\CodeIgniter.php(353): CodeIgniter\CodeIgniter->handleRequest(null, Object(Config\Cache), false)
 4 FCPATH\index.php(79): CodeIgniter\CodeIgniter->run()
 5 SYSTEMPATH\Commands\Server\rewrite.php(47): require_once('C:\\xampp\\htdocs\\ordem\\public\\index.php')
CRITICAL - 2023-10-27 15:20:39 --> Argument 1 passed to App\Controllers\Usuarios::editar() must be of the type int or null, string given, called in C:\xampp\htdocs\ordem\system\CodeIgniter.php on line 919
in APPPATH\Controllers\Usuarios.php on line 79.
 1 SYSTEMPATH\CodeIgniter.php(919): App\Controllers\Usuarios->editar('img', 'flags', '16', 'DE.png')
 2 SYSTEMPATH\CodeIgniter.php(494): CodeIgniter\CodeIgniter->runController(Object(App\Controllers\Usuarios))
 3 SYSTEMPATH\CodeIgniter.php(353): CodeIgniter\CodeIgniter->handleRequest(null, Object(Config\Cache), false)
 4 FCPATH\index.php(79): CodeIgniter\CodeIgniter->run()
 5 SYSTEMPATH\Commands\Server\rewrite.php(47): require_once('C:\\xampp\\htdocs\\ordem\\public\\index.php')
CRITICAL - 2023-10-27 15:20:39 --> Argument 1 passed to App\Controllers\Usuarios::editar() must be of the type int or null, string given, called in C:\xampp\htdocs\ordem\system\CodeIgniter.php on line 919
in APPPATH\Controllers\Usuarios.php on line 79.
 1 SYSTEMPATH\CodeIgniter.php(919): App\Controllers\Usuarios->editar('img', 'flags', '16', 'FR.png')
 2 SYSTEMPATH\CodeIgniter.php(494): CodeIgniter\CodeIgniter->runController(Object(App\Controllers\Usuarios))
 3 SYSTEMPATH\CodeIgniter.php(353): CodeIgniter\CodeIgniter->handleRequest(null, Object(Config\Cache), false)
 4 FCPATH\index.php(79): CodeIgniter\CodeIgniter->run()
 5 SYSTEMPATH\Commands\Server\rewrite.php(47): require_once('C:\\xampp\\htdocs\\ordem\\public\\index.php')
INFO - 2023-10-27 15:20:43 --> CSRF token verified.
CRITICAL - 2023-10-27 15:44:54 --> Argument 1 passed to App\Controllers\Usuarios::editar() must be of the type int or null, string given, called in C:\xampp\htdocs\ordem\system\CodeIgniter.php on line 919
in APPPATH\Controllers\Usuarios.php on line 79.
 1 SYSTEMPATH\CodeIgniter.php(919): App\Controllers\Usuarios->editar('img', 'avatar-3.jpg')
 2 SYSTEMPATH\CodeIgniter.php(494): CodeIgniter\CodeIgniter->runController(Object(App\Controllers\Usuarios))
 3 SYSTEMPATH\CodeIgniter.php(353): CodeIgniter\CodeIgniter->handleRequest(null, Object(Config\Cache), false)
 4 FCPATH\index.php(79): CodeIgniter\CodeIgniter->run()
 5 SYSTEMPATH\Commands\Server\rewrite.php(47): require_once('C:\\xampp\\htdocs\\ordem\\public\\index.php')
CRITICAL - 2023-10-27 15:44:54 --> Argument 1 passed to App\Controllers\Usuarios::editar() must be of the type int or null, string given, called in C:\xampp\htdocs\ordem\system\CodeIgniter.php on line 919
in APPPATH\Controllers\Usuarios.php on line 79.
 1 SYSTEMPATH\CodeIgniter.php(919): App\Controllers\Usuarios->editar('img', 'avatar-2.jpg')
 2 SYSTEMPATH\CodeIgniter.php(494): CodeIgniter\CodeIgniter->runController(Object(App\Controllers\Usuarios))
 3 SYSTEMPATH\CodeIgniter.php(353): CodeIgniter\CodeIgniter->handleRequest(null, Object(Config\Cache), false)
 4 FCPATH\index.php(79): CodeIgniter\CodeIgniter->run()
 5 SYSTEMPATH\Commands\Server\rewrite.php(47): require_once('C:\\xampp\\htdocs\\ordem\\public\\index.php')
CRITICAL - 2023-10-27 15:44:55 --> Argument 1 passed to App\Controllers\Usuarios::editar() must be of the type int or null, string given, called in C:\xampp\htdocs\ordem\system\CodeIgniter.php on line 919
in APPPATH\Controllers\Usuarios.php on line 79.
 1 SYSTEMPATH\CodeIgniter.php(919): App\Controllers\Usuarios->editar('img', 'avatar-1.jpg')
 2 SYSTEMPATH\CodeIgniter.php(494): CodeIgniter\CodeIgniter->runController(Object(App\Controllers\Usuarios))
 3 SYSTEMPATH\CodeIgniter.php(353): CodeIgniter\CodeIgniter->handleRequest(null, Object(Config\Cache), false)
 4 FCPATH\index.php(79): CodeIgniter\CodeIgniter->run()
 5 SYSTEMPATH\Commands\Server\rewrite.php(47): require_once('C:\\xampp\\htdocs\\ordem\\public\\index.php')
CRITICAL - 2023-10-27 15:44:55 --> Argument 1 passed to App\Controllers\Usuarios::editar() must be of the type int or null, string given, called in C:\xampp\htdocs\ordem\system\CodeIgniter.php on line 919
in APPPATH\Controllers\Usuarios.php on line 79.
 1 SYSTEMPATH\CodeIgniter.php(919): App\Controllers\Usuarios->editar('img', 'avatar-5.jpg')
 2 SYSTEMPATH\CodeIgniter.php(494): CodeIgniter\CodeIgniter->runController(Object(App\Controllers\Usuarios))
 3 SYSTEMPATH\CodeIgniter.php(353): CodeIgniter\CodeIgniter->handleRequest(null, Object(Config\Cache), false)
 4 FCPATH\index.php(79): CodeIgniter\CodeIgniter->run()
 5 SYSTEMPATH\Commands\Server\rewrite.php(47): require_once('C:\\xampp\\htdocs\\ordem\\public\\index.php')
CRITICAL - 2023-10-27 15:44:55 --> Argument 1 passed to App\Controllers\Usuarios::editar() must be of the type int or null, string given, called in C:\xampp\htdocs\ordem\system\CodeIgniter.php on line 919
in APPPATH\Controllers\Usuarios.php on line 79.
 1 SYSTEMPATH\CodeIgniter.php(919): App\Controllers\Usuarios->editar('img', 'flags', '16', 'GB.png')
 2 SYSTEMPATH\CodeIgniter.php(494): CodeIgniter\CodeIgniter->runController(Object(App\Controllers\Usuarios))
 3 SYSTEMPATH\CodeIgniter.php(353): CodeIgniter\CodeIgniter->handleRequest(null, Object(Config\Cache), false)
 4 FCPATH\index.php(79): CodeIgniter\CodeIgniter->run()
 5 SYSTEMPATH\Commands\Server\rewrite.php(47): require_once('C:\\xampp\\htdocs\\ordem\\public\\index.php')
CRITICAL - 2023-10-27 15:44:55 --> Argument 1 passed to App\Controllers\Usuarios::editar() must be of the type int or null, string given, called in C:\xampp\htdocs\ordem\system\CodeIgniter.php on line 919
in APPPATH\Controllers\Usuarios.php on line 79.
 1 SYSTEMPATH\CodeIgniter.php(919): App\Controllers\Usuarios->editar('img', 'avatar-6.jpg')
 2 SYSTEMPATH\CodeIgniter.php(494): CodeIgniter\CodeIgniter->runController(Object(App\Controllers\Usuarios))
 3 SYSTEMPATH\CodeIgniter.php(353): CodeIgniter\CodeIgniter->handleRequest(null, Object(Config\Cache), false)
 4 FCPATH\index.php(79): CodeIgniter\CodeIgniter->run()
 5 SYSTEMPATH\Commands\Server\rewrite.php(47): require_once('C:\\xampp\\htdocs\\ordem\\public\\index.php')
CRITICAL - 2023-10-27 15:44:56 --> Argument 1 passed to App\Controllers\Usuarios::editar() must be of the type int or null, string given, called in C:\xampp\htdocs\ordem\system\CodeIgniter.php on line 919
in APPPATH\Controllers\Usuarios.php on line 79.
 1 SYSTEMPATH\CodeIgniter.php(919): App\Controllers\Usuarios->editar('img', 'flags', '16', 'DE.png')
 2 SYSTEMPATH\CodeIgniter.php(494): CodeIgniter\CodeIgniter->runController(Object(App\Controllers\Usuarios))
 3 SYSTEMPATH\CodeIgniter.php(353): CodeIgniter\CodeIgniter->handleRequest(null, Object(Config\Cache), false)
 4 FCPATH\index.php(79): CodeIgniter\CodeIgniter->run()
 5 SYSTEMPATH\Commands\Server\rewrite.php(47): require_once('C:\\xampp\\htdocs\\ordem\\public\\index.php')
CRITICAL - 2023-10-27 15:44:56 --> Argument 1 passed to App\Controllers\Usuarios::editar() must be of the type int or null, string given, called in C:\xampp\htdocs\ordem\system\CodeIgniter.php on line 919
in APPPATH\Controllers\Usuarios.php on line 79.
 1 SYSTEMPATH\CodeIgniter.php(919): App\Controllers\Usuarios->editar('img', 'flags', '16', 'FR.png')
 2 SYSTEMPATH\CodeIgniter.php(494): CodeIgniter\CodeIgniter->runController(Object(App\Controllers\Usuarios))
 3 SYSTEMPATH\CodeIgniter.php(353): CodeIgniter\CodeIgniter->handleRequest(null, Object(Config\Cache), false)
 4 FCPATH\index.php(79): CodeIgniter\CodeIgniter->run()
 5 SYSTEMPATH\Commands\Server\rewrite.php(47): require_once('C:\\xampp\\htdocs\\ordem\\public\\index.php')
INFO - 2023-10-27 15:44:58 --> CSRF token verified.
INFO - 2023-10-27 15:45:06 --> CSRF token verified.
CRITICAL - 2023-10-27 15:56:33 --> Argument 1 passed to App\Controllers\Usuarios::editar() must be of the type int or null, string given, called in C:\xampp\htdocs\ordem\system\CodeIgniter.php on line 919
in APPPATH\Controllers\Usuarios.php on line 79.
 1 SYSTEMPATH\CodeIgniter.php(919): App\Controllers\Usuarios->editar('img', 'avatar-3.jpg')
 2 SYSTEMPATH\CodeIgniter.php(494): CodeIgniter\CodeIgniter->runController(Object(App\Controllers\Usuarios))
 3 SYSTEMPATH\CodeIgniter.php(353): CodeIgniter\CodeIgniter->handleRequest(null, Object(Config\Cache), false)
 4 FCPATH\index.php(79): CodeIgniter\CodeIgniter->run()
 5 SYSTEMPATH\Commands\Server\rewrite.php(47): require_once('C:\\xampp\\htdocs\\ordem\\public\\index.php')
CRITICAL - 2023-10-27 15:56:33 --> Argument 1 passed to App\Controllers\Usuarios::editar() must be of the type int or null, string given, called in C:\xampp\htdocs\ordem\system\CodeIgniter.php on line 919
in APPPATH\Controllers\Usuarios.php on line 79.
 1 SYSTEMPATH\CodeIgniter.php(919): App\Controllers\Usuarios->editar('img', 'avatar-2.jpg')
 2 SYSTEMPATH\CodeIgniter.php(494): CodeIgniter\CodeIgniter->runController(Object(App\Controllers\Usuarios))
 3 SYSTEMPATH\CodeIgniter.php(353): CodeIgniter\CodeIgniter->handleRequest(null, Object(Config\Cache), false)
 4 FCPATH\index.php(79): CodeIgniter\CodeIgniter->run()
 5 SYSTEMPATH\Commands\Server\rewrite.php(47): require_once('C:\\xampp\\htdocs\\ordem\\public\\index.php')
CRITICAL - 2023-10-27 15:56:34 --> Argument 1 passed to App\Controllers\Usuarios::editar() must be of the type int or null, string given, called in C:\xampp\htdocs\ordem\system\CodeIgniter.php on line 919
in APPPATH\Controllers\Usuarios.php on line 79.
 1 SYSTEMPATH\CodeIgniter.php(919): App\Controllers\Usuarios->editar('img', 'avatar-1.jpg')
 2 SYSTEMPATH\CodeIgniter.php(494): CodeIgniter\CodeIgniter->runController(Object(App\Controllers\Usuarios))
 3 SYSTEMPATH\CodeIgniter.php(353): CodeIgniter\CodeIgniter->handleRequest(null, Object(Config\Cache), false)
 4 FCPATH\index.php(79): CodeIgniter\CodeIgniter->run()
 5 SYSTEMPATH\Commands\Server\rewrite.php(47): require_once('C:\\xampp\\htdocs\\ordem\\public\\index.php')
CRITICAL - 2023-10-27 15:56:34 --> Argument 1 passed to App\Controllers\Usuarios::editar() must be of the type int or null, string given, called in C:\xampp\htdocs\ordem\system\CodeIgniter.php on line 919
in APPPATH\Controllers\Usuarios.php on line 79.
 1 SYSTEMPATH\CodeIgniter.php(919): App\Controllers\Usuarios->editar('img', 'avatar-5.jpg')
 2 SYSTEMPATH\CodeIgniter.php(494): CodeIgniter\CodeIgniter->runController(Object(App\Controllers\Usuarios))
 3 SYSTEMPATH\CodeIgniter.php(353): CodeIgniter\CodeIgniter->handleRequest(null, Object(Config\Cache), false)
 4 FCPATH\index.php(79): CodeIgniter\CodeIgniter->run()
 5 SYSTEMPATH\Commands\Server\rewrite.php(47): require_once('C:\\xampp\\htdocs\\ordem\\public\\index.php')
CRITICAL - 2023-10-27 15:56:34 --> Argument 1 passed to App\Controllers\Usuarios::editar() must be of the type int or null, string given, called in C:\xampp\htdocs\ordem\system\CodeIgniter.php on line 919
in APPPATH\Controllers\Usuarios.php on line 79.
 1 SYSTEMPATH\CodeIgniter.php(919): App\Controllers\Usuarios->editar('img', 'flags', '16', 'GB.png')
 2 SYSTEMPATH\CodeIgniter.php(494): CodeIgniter\CodeIgniter->runController(Object(App\Controllers\Usuarios))
 3 SYSTEMPATH\CodeIgniter.php(353): CodeIgniter\CodeIgniter->handleRequest(null, Object(Config\Cache), false)
 4 FCPATH\index.php(79): CodeIgniter\CodeIgniter->run()
 5 SYSTEMPATH\Commands\Server\rewrite.php(47): require_once('C:\\xampp\\htdocs\\ordem\\public\\index.php')
CRITICAL - 2023-10-27 15:56:34 --> Argument 1 passed to App\Controllers\Usuarios::editar() must be of the type int or null, string given, called in C:\xampp\htdocs\ordem\system\CodeIgniter.php on line 919
in APPPATH\Controllers\Usuarios.php on line 79.
 1 SYSTEMPATH\CodeIgniter.php(919): App\Controllers\Usuarios->editar('img', 'avatar-6.jpg')
 2 SYSTEMPATH\CodeIgniter.php(494): CodeIgniter\CodeIgniter->runController(Object(App\Controllers\Usuarios))
 3 SYSTEMPATH\CodeIgniter.php(353): CodeIgniter\CodeIgniter->handleRequest(null, Object(Config\Cache), false)
 4 FCPATH\index.php(79): CodeIgniter\CodeIgniter->run()
 5 SYSTEMPATH\Commands\Server\rewrite.php(47): require_once('C:\\xampp\\htdocs\\ordem\\public\\index.php')
CRITICAL - 2023-10-27 15:56:35 --> Argument 1 passed to App\Controllers\Usuarios::editar() must be of the type int or null, string given, called in C:\xampp\htdocs\ordem\system\CodeIgniter.php on line 919
in APPPATH\Controllers\Usuarios.php on line 79.
 1 SYSTEMPATH\CodeIgniter.php(919): App\Controllers\Usuarios->editar('img', 'flags', '16', 'DE.png')
 2 SYSTEMPATH\CodeIgniter.php(494): CodeIgniter\CodeIgniter->runController(Object(App\Controllers\Usuarios))
 3 SYSTEMPATH\CodeIgniter.php(353): CodeIgniter\CodeIgniter->handleRequest(null, Object(Config\Cache), false)
 4 FCPATH\index.php(79): CodeIgniter\CodeIgniter->run()
 5 SYSTEMPATH\Commands\Server\rewrite.php(47): require_once('C:\\xampp\\htdocs\\ordem\\public\\index.php')
CRITICAL - 2023-10-27 15:56:35 --> Argument 1 passed to App\Controllers\Usuarios::editar() must be of the type int or null, string given, called in C:\xampp\htdocs\ordem\system\CodeIgniter.php on line 919
in APPPATH\Controllers\Usuarios.php on line 79.
 1 SYSTEMPATH\CodeIgniter.php(919): App\Controllers\Usuarios->editar('img', 'flags', '16', 'FR.png')
 2 SYSTEMPATH\CodeIgniter.php(494): CodeIgniter\CodeIgniter->runController(Object(App\Controllers\Usuarios))
 3 SYSTEMPATH\CodeIgniter.php(353): CodeIgniter\CodeIgniter->handleRequest(null, Object(Config\Cache), false)
 4 FCPATH\index.php(79): CodeIgniter\CodeIgniter->run()
 5 SYSTEMPATH\Commands\Server\rewrite.php(47): require_once('C:\\xampp\\htdocs\\ordem\\public\\index.php')
INFO - 2023-10-27 15:58:03 --> CSRF token verified.
