ERROR - 2023-10-19 18:20:29 --> mysqli_sql_exception: Table 'ordem.usuarios' doesn't exist in C:\xampp\htdocs\ordem\system\Database\MySQLi\Connection.php:306
Stack trace:
#0 C:\xampp\htdocs\ordem\system\Database\MySQLi\Connection.php(306): mysqli->query('SELECT `id`, `n...', 0)
#1 C:\xampp\htdocs\ordem\system\Database\BaseConnection.php(692): CodeIgniter\Database\MySQLi\Connection->execute('SELECT `id`, `n...')
#2 C:\xampp\htdocs\ordem\system\Database\BaseConnection.php(606): CodeIgniter\Database\BaseConnection->simpleQuery('SELECT `id`, `n...')
#3 C:\xampp\htdocs\ordem\system\Database\BaseBuilder.php(1615): CodeIgniter\Database\BaseConnection->query('SELECT `id`, `n...', Array, false)
#4 C:\xampp\htdocs\ordem\system\Model.php(237): CodeIgniter\Database\BaseBuilder->get()
#5 C:\xampp\htdocs\ordem\system\BaseModel.php(624): CodeIgniter\Model->doFindAll(0, 0)
#6 C:\xampp\htdocs\ordem\app\Controllers\Usuarios.php(40): CodeIgniter\BaseModel->findAll()
#7 C:\xampp\htdocs\ordem\system\CodeIgniter.php(919): App\Controllers\Usuarios->recuperaUsuarios()
#8 C:\xampp\htdocs\ordem\system\CodeIgniter.php(494): CodeIgniter\CodeIgniter->runController(Object(App\Controllers\Usuarios))
#9 C:\xampp\htdocs\ordem\system\CodeIgniter.php(353): CodeIgniter\CodeIgniter->handleRequest(NULL, Object(Config\Cache), false)
#10 C:\xampp\htdocs\ordem\public\index.php(79): CodeIgniter\CodeIgniter->run()
#11 C:\xampp\htdocs\ordem\system\Commands\Server\rewrite.php(47): require_once('C:\\xampp\\htdocs...')
#12 {main}
CRITICAL - 2023-10-19 18:20:29 --> Table 'ordem.usuarios' doesn't exist
in SYSTEMPATH\Database\BaseConnection.php on line 646.
 1 SYSTEMPATH\Database\BaseBuilder.php(1615): CodeIgniter\Database\BaseConnection->query('SELECT `id`, `nome`, `email`, `ativo`, `imagem`
FROM `usuarios`
WHERE `usuarios`.`deletado_em` IS NULL', [], false)
 2 SYSTEMPATH\Model.php(237): CodeIgniter\Database\BaseBuilder->get()
 3 SYSTEMPATH\BaseModel.php(624): CodeIgniter\Model->doFindAll(0, 0)
 4 APPPATH\Controllers\Usuarios.php(40): CodeIgniter\BaseModel->findAll()
 5 SYSTEMPATH\CodeIgniter.php(919): App\Controllers\Usuarios->recuperaUsuarios()
 6 SYSTEMPATH\CodeIgniter.php(494): CodeIgniter\CodeIgniter->runController(Object(App\Controllers\Usuarios))
 7 SYSTEMPATH\CodeIgniter.php(353): CodeIgniter\CodeIgniter->handleRequest(null, Object(Config\Cache), false)
 8 FCPATH\index.php(79): CodeIgniter\CodeIgniter->run()
 9 SYSTEMPATH\Commands\Server\rewrite.php(47): require_once('C:\\xampp\\htdocs\\ordem\\public\\index.php')
ERROR - 2023-10-19 18:21:53 --> mysqli_sql_exception: Table 'ordem.usuarios' doesn't exist in C:\xampp\htdocs\ordem\system\Database\MySQLi\Connection.php:306
Stack trace:
#0 C:\xampp\htdocs\ordem\system\Database\MySQLi\Connection.php(306): mysqli->query('SELECT `id`, `n...', 0)
#1 C:\xampp\htdocs\ordem\system\Database\BaseConnection.php(692): CodeIgniter\Database\MySQLi\Connection->execute('SELECT `id`, `n...')
#2 C:\xampp\htdocs\ordem\system\Database\BaseConnection.php(606): CodeIgniter\Database\BaseConnection->simpleQuery('SELECT `id`, `n...')
#3 C:\xampp\htdocs\ordem\system\Database\BaseBuilder.php(1615): CodeIgniter\Database\BaseConnection->query('SELECT `id`, `n...', Array, false)
#4 C:\xampp\htdocs\ordem\system\Model.php(237): CodeIgniter\Database\BaseBuilder->get()
#5 C:\xampp\htdocs\ordem\system\BaseModel.php(624): CodeIgniter\Model->doFindAll(0, 0)
#6 C:\xampp\htdocs\ordem\app\Controllers\Usuarios.php(40): CodeIgniter\BaseModel->findAll()
#7 C:\xampp\htdocs\ordem\system\CodeIgniter.php(919): App\Controllers\Usuarios->recuperaUsuarios()
#8 C:\xampp\htdocs\ordem\system\CodeIgniter.php(494): CodeIgniter\CodeIgniter->runController(Object(App\Controllers\Usuarios))
#9 C:\xampp\htdocs\ordem\system\CodeIgniter.php(353): CodeIgniter\CodeIgniter->handleRequest(NULL, Object(Config\Cache), false)
#10 C:\xampp\htdocs\ordem\public\index.php(79): CodeIgniter\CodeIgniter->run()
#11 C:\xampp\htdocs\ordem\system\Commands\Server\rewrite.php(47): require_once('C:\\xampp\\htdocs...')
#12 {main}
CRITICAL - 2023-10-19 18:21:53 --> Table 'ordem.usuarios' doesn't exist
in SYSTEMPATH\Database\BaseConnection.php on line 646.
 1 SYSTEMPATH\Database\BaseBuilder.php(1615): CodeIgniter\Database\BaseConnection->query('SELECT `id`, `nome`, `email`, `ativo`, `imagem`
FROM `usuarios`
WHERE `usuarios`.`deletado_em` IS NULL', [], false)
 2 SYSTEMPATH\Model.php(237): CodeIgniter\Database\BaseBuilder->get()
 3 SYSTEMPATH\BaseModel.php(624): CodeIgniter\Model->doFindAll(0, 0)
 4 APPPATH\Controllers\Usuarios.php(40): CodeIgniter\BaseModel->findAll()
 5 SYSTEMPATH\CodeIgniter.php(919): App\Controllers\Usuarios->recuperaUsuarios()
 6 SYSTEMPATH\CodeIgniter.php(494): CodeIgniter\CodeIgniter->runController(Object(App\Controllers\Usuarios))
 7 SYSTEMPATH\CodeIgniter.php(353): CodeIgniter\CodeIgniter->handleRequest(null, Object(Config\Cache), false)
 8 FCPATH\index.php(79): CodeIgniter\CodeIgniter->run()
 9 SYSTEMPATH\Commands\Server\rewrite.php(47): require_once('C:\\xampp\\htdocs\\ordem\\public\\index.php')
INFO - 2023-10-19 18:23:00 --> Session: Class initialized using 'CodeIgniter\Session\Handlers\FileHandler' driver.
